TN:
SF:src\api\cart.ts
FN:7,(anonymous_0)
FNF:1
FNH:1
FNDA:1,(anonymous_0)
DA:7,2
DA:8,1
DA:13,1
LF:3
LH:3
BRF:0
BRH:0
end_of_record
TN:
SF:src\api\client.ts
FN:10,(anonymous_0)
FN:17,(anonymous_1)
FNF:2
FNH:2
FNDA:10,(anonymous_0)
FNDA:28,(anonymous_1)
DA:1,7
DA:3,7
DA:4,0
DA:11,10
DA:12,10
DA:13,10
DA:17,7
DA:18,28
DA:19,26
DA:20,8
DA:21,18
LF:11
LH:10
BRDA:3,0,0,0
BRDA:3,0,1,7
BRDA:11,1,0,10
BRDA:11,1,1,9
BRDA:19,2,0,8
BRDA:19,2,1,18
BRF:6
BRH:5
end_of_record
TN:
SF:src\api\products.ts
FN:9,(anonymous_0)
FN:14,(anonymous_1)
FNF:2
FNH:2
FNDA:10,(anonymous_0)
FNDA:13,(anonymous_1)
DA:9,5
DA:10,10
DA:11,7
DA:14,5
DA:15,13
DA:16,8
LF:6
LH:6
BRF:0
BRH:0
end_of_record
TN:
SF:src\components\NotFoundState.tsx
FN:10,(anonymous_0)
FNF:1
FNH:1
FNDA:7,(anonymous_0)
DA:10,2
DA:15,7
LF:2
LH:2
BRDA:13,0,0,7
BRF:1
BRH:1
end_of_record
TN:
SF:src\components\ui\button.tsx
FN:36,(anonymous_0)
FNF:1
FNH:1
FNDA:39,(anonymous_0)
DA:6,3
DA:35,3
DA:37,39
DA:40,3
LF:4
LH:4
BRF:0
BRH:0
end_of_record
TN:
SF:src\components\ui\card.tsx
FN:5,(anonymous_0)
FN:10,(anonymous_1)
FN:16,(anonymous_2)
FN:23,(anonymous_3)
FN:29,(anonymous_4)
FN:34,(anonymous_5)
FNF:6
FNH:6
FNDA:74,(anonymous_0)
FNDA:11,(anonymous_1)
FNDA:11,(anonymous_2)
FNDA:1,(anonymous_3)
FNDA:73,(anonymous_4)
FNDA:1,(anonymous_5)
DA:5,3
DA:6,74
DA:8,3
DA:10,3
DA:11,11
DA:13,3
DA:15,3
DA:17,11
DA:20,3
DA:22,3
DA:24,1
DA:27,3
DA:29,3
DA:30,73
DA:32,3
DA:34,3
DA:35,1
DA:37,3
LF:18
LH:18
BRF:0
BRH:0
end_of_record
TN:
SF:src\components\ui\input.tsx
FN:5,(anonymous_0)
FNF:1
FNH:1
FNDA:8,(anonymous_0)
DA:5,2
DA:6,8
DA:18,2
LF:3
LH:3
BRF:0
BRH:0
end_of_record
TN:
SF:src\components\ui\skeleton.tsx
FN:3,(anonymous_0)
FNF:1
FNH:1
FNDA:292,(anonymous_0)
DA:3,3
DA:4,292
LF:2
LH:2
BRF:0
BRH:0
end_of_record
TN:
SF:src\context\cart-context.ts
FNF:0
FNH:0
DA:24,6
LF:1
LH:1
BRF:0
BRH:0
end_of_record
TN:
SF:src\context\cart-provider.tsx
FN:14,(anonymous_0)
FN:19,(anonymous_1)
FN:25,(anonymous_2)
FN:28,(anonymous_3)
FN:31,(anonymous_4)
FN:35,(anonymous_5)
FN:39,(anonymous_6)
FN:43,(anonymous_7)
FN:49,(anonymous_8)
FN:56,(anonymous_9)
FN:57,(anonymous_10)
FN:59,(anonymous_11)
FN:63,(anonymous_12)
FN:70,(anonymous_13)
FN:77,(anonymous_14)
FN:78,(anonymous_15)
FN:79,(anonymous_16)
FN:81,(anonymous_17)
FN:88,(anonymous_18)
FN:89,(anonymous_19)
FN:92,(anonymous_20)
FN:94,(anonymous_21)
FN:99,(anonymous_22)
FN:107,(anonymous_23)
FNF:24
FNH:24
FNDA:80,(anonymous_0)
FNDA:24,(anonymous_1)
FNDA:45,(anonymous_2)
FNDA:7,(anonymous_3)
FNDA:12,(anonymous_4)
FNDA:15,(anonymous_5)
FNDA:59,(anonymous_6)
FNDA:3,(anonymous_7)
FNDA:2,(anonymous_8)
FNDA:4,(anonymous_9)
FNDA:4,(anonymous_10)
FNDA:1,(anonymous_11)
FNDA:1,(anonymous_12)
FNDA:4,(anonymous_13)
FNDA:2,(anonymous_14)
FNDA:2,(anonymous_15)
FNDA:3,(anonymous_16)
FNDA:1,(anonymous_17)
FNDA:4,(anonymous_18)
FNDA:4,(anonymous_19)
FNDA:1,(anonymous_20)
FNDA:3,(anonymous_21)
FNDA:3,(anonymous_22)
FNDA:58,(anonymous_23)
DA:11,5
DA:12,5
DA:14,5
DA:15,80
DA:16,80
DA:17,80
DA:18,20
DA:19,24
DA:21,0
DA:25,5
DA:26,45
DA:27,45
DA:28,35
DA:31,5
DA:32,12
DA:35,5
DA:36,15
DA:39,5
DA:40,59
DA:41,59
DA:43,59
DA:44,3
DA:45,3
DA:46,3
DA:49,59
DA:50,2
DA:51,2
DA:52,2
DA:53,2
DA:56,59
DA:57,4
DA:58,4
DA:59,1
DA:62,4
DA:63,1
DA:64,1
DA:67,3
DA:69,4
DA:70,4
DA:71,4
DA:72,4
DA:73,4
DA:77,59
DA:78,2
DA:79,3
DA:80,2
DA:81,2
DA:82,2
DA:83,2
DA:84,2
DA:88,59
DA:89,4
DA:91,4
DA:92,1
DA:94,3
DA:95,3
DA:98,4
DA:99,4
DA:100,4
DA:101,4
DA:102,4
DA:106,59
DA:107,58
DA:111,59
LF:64
LH:63
BRDA:17,0,0,60
BRDA:17,0,1,20
BRDA:19,1,0,24
BRDA:19,1,1,0
BRDA:27,2,0,10
BRDA:27,2,1,35
BRDA:27,3,0,10
BRDA:27,3,1,0
BRDA:59,4,0,1
BRDA:59,4,1,1
BRDA:59,4,2,1
BRDA:62,5,0,1
BRDA:62,5,1,3
BRDA:64,6,0,1
BRDA:64,6,1,0
BRDA:91,7,0,1
BRDA:91,7,1,3
BRDA:95,8,0,3
BRDA:95,8,1,0
BRF:19
BRH:15
end_of_record
TN:
SF:src\hooks\useAddToCart.ts
FN:20,(anonymous_0)
FN:24,(anonymous_1)
FN:26,(anonymous_2)
FNF:3
FNH:3
FNDA:22,(anonymous_0)
FNDA:2,(anonymous_1)
FNDA:1,(anonymous_2)
DA:20,2
DA:21,22
DA:23,22
DA:24,2
DA:27,1
DA:36,1
DA:37,1
LF:7
LH:7
BRF:0
BRH:0
end_of_record
TN:
SF:src\hooks\useCart.ts
FN:4,(anonymous_0)
FNF:1
FNH:1
FNDA:119,(anonymous_0)
DA:4,5
DA:5,119
DA:6,119
DA:7,2
DA:9,117
LF:5
LH:5
BRDA:6,0,0,2
BRDA:6,0,1,117
BRF:2
BRH:2
end_of_record
TN:
SF:src\hooks\useFilteredProducts.ts
FN:5,(anonymous_0)
FN:6,(anonymous_1)
FN:12,(anonymous_2)
FNF:3
FNH:3
FNDA:27,(anonymous_0)
FNDA:26,(anonymous_1)
FNDA:41,(anonymous_2)
DA:5,27
DA:7,26
DA:9,18
DA:10,18
DA:12,11
DA:13,41
DA:14,41
LF:7
LH:7
BRDA:7,0,0,8
BRDA:7,0,1,18
BRDA:10,1,0,7
BRDA:10,1,1,11
BRF:4
BRH:4
end_of_record
TN:
SF:src\hooks\useProduct.ts
FN:6,(anonymous_0)
FN:9,(anonymous_1)
FN:10,(anonymous_2)
FNF:3
FNH:3
FNDA:61,(anonymous_0)
FNDA:12,(anonymous_1)
FNDA:4,(anonymous_2)
DA:6,61
DA:9,12
DA:11,4
DA:12,4
DA:15,0
LF:5
LH:4
BRDA:11,0,0,4
BRDA:11,0,1,0
BRDA:11,1,0,4
BRDA:11,1,1,4
BRDA:11,1,2,2
BRF:5
BRH:4
end_of_record
TN:
SF:src\hooks\useProducts.ts
FN:5,(anonymous_0)
FNF:1
FNH:1
FNDA:17,(anonymous_0)
DA:5,17
LF:1
LH:1
BRF:0
BRH:0
end_of_record
TN:
SF:src\lib\queryClient.ts
FNF:0
FNH:0
DA:3,1
DA:5,1
LF:2
LH:2
BRF:0
BRH:0
end_of_record
TN:
SF:src\lib\utils.ts
FN:4,(anonymous_0)
FNF:1
FNH:1
FNDA:515,(anonymous_0)
DA:4,515
LF:1
LH:1
BRF:0
BRH:0
end_of_record
TN:
SF:src\pages\Layout.tsx
FN:11,(anonymous_0)
FN:28,(anonymous_1)
FN:50,(anonymous_2)
FN:56,(anonymous_3)
FN:61,(anonymous_4)
FN:66,(anonymous_5)
FN:74,(anonymous_6)
FN:81,(anonymous_7)
FN:85,(anonymous_8)
FN:86,(anonymous_9)
FN:92,(anonymous_10)
FN:95,(anonymous_11)
FN:96,(anonymous_12)
FN:102,(anonymous_13)
FN:104,(anonymous_14)
FN:141,(anonymous_15)
FN:160,(anonymous_16)
FN:168,(anonymous_17)
FN:175,(anonymous_18)
FN:202,(anonymous_19)
FN:273,(anonymous_20)
FN:292,(anonymous_21)
FN:316,(anonymous_22)
FNF:23
FNH:22
FNDA:37,(anonymous_0)
FNDA:37,(anonymous_1)
FNDA:41,(anonymous_2)
FNDA:1,(anonymous_3)
FNDA:2,(anonymous_4)
FNDA:3,(anonymous_5)
FNDA:1,(anonymous_6)
FNDA:1,(anonymous_7)
FNDA:37,(anonymous_8)
FNDA:1,(anonymous_9)
FNDA:37,(anonymous_10)
FNDA:37,(anonymous_11)
FNDA:0,(anonymous_12)
FNDA:17,(anonymous_13)
FNDA:37,(anonymous_14)
FNDA:15,(anonymous_15)
FNDA:3,(anonymous_16)
FNDA:1,(anonymous_17)
FNDA:1,(anonymous_18)
FNDA:1,(anonymous_19)
FNDA:37,(anonymous_20)
FNDA:13,(anonymous_21)
FNDA:2,(anonymous_22)
DA:11,1
DA:12,37
DA:13,37
DA:14,37
DA:16,37
DA:18,37
DA:19,0
DA:20,0
DA:21,0
DA:25,37
DA:29,37
DA:30,37
DA:50,1
DA:51,41
DA:52,41
DA:53,41
DA:54,41
DA:56,41
DA:57,1
DA:58,1
DA:61,41
DA:62,2
DA:63,2
DA:66,41
DA:67,3
DA:68,2
DA:70,1
DA:74,41
DA:75,1
DA:76,1
DA:77,1
DA:81,41
DA:82,1
DA:85,41
DA:86,37
DA:87,1
DA:89,37
DA:90,17
DA:92,37
DA:95,41
DA:96,37
DA:97,0
DA:98,0
DA:101,37
DA:102,17
DA:104,37
DA:107,41
DA:109,21
DA:142,15
DA:160,3
DA:168,1
DA:175,1
DA:202,1
DA:273,1
DA:274,37
DA:275,37
DA:277,37
DA:292,13
DA:316,2
LF:59
LH:54
BRDA:13,0,0,37
BRDA:13,0,1,37
BRDA:18,1,0,0
BRDA:18,1,1,37
BRDA:20,2,0,0
BRDA:20,2,1,0
BRDA:32,3,0,37
BRDA:32,3,1,0
BRDA:33,4,0,0
BRDA:33,4,1,37
BRDA:33,5,0,37
BRDA:33,5,1,37
BRDA:67,6,0,2
BRDA:67,6,1,1
BRDA:75,7,0,1
BRDA:75,7,1,0
BRDA:87,8,0,1
BRDA:87,8,1,0
BRDA:89,9,0,17
BRDA:89,9,1,20
BRDA:97,10,0,0
BRDA:97,10,1,0
BRDA:97,11,0,0
BRDA:97,11,1,0
BRDA:101,12,0,17
BRDA:101,12,1,20
BRDA:107,13,0,20
BRDA:107,13,1,21
BRDA:134,14,0,6
BRDA:134,14,1,15
BRDA:185,15,0,1
BRDA:185,15,1,14
BRDA:197,16,0,41
BRDA:197,16,1,15
BRDA:211,17,0,41
BRDA:211,17,1,1
BRDA:232,18,0,41
BRDA:232,18,1,3
BRDA:298,19,0,37
BRDA:298,19,1,21
BRDA:300,20,0,0
BRDA:300,20,1,21
BRF:42
BRH:30
end_of_record
TN:
SF:src\pages\NotFoundPage.tsx
FN:3,(anonymous_0)
FNF:1
FNH:1
FNDA:1,(anonymous_0)
DA:3,1
DA:4,1
LF:2
LH:2
BRF:0
BRH:0
end_of_record
TN:
SF:src\pages\ProductDetailPage.tsx
FN:13,(anonymous_0)
FN:30,(anonymous_1)
FN:67,(anonymous_2)
FN:68,(anonymous_3)
FN:123,(anonymous_4)
FN:159,(anonymous_5)
FN:163,(anonymous_6)
FN:180,(anonymous_7)
FN:184,(anonymous_8)
FN:209,(anonymous_9)
FNF:10
FNH:7
FNDA:17,(anonymous_0)
FNDA:54,(anonymous_1)
FNDA:6,(anonymous_2)
FNDA:6,(anonymous_3)
FNDA:42,(anonymous_4)
FNDA:12,(anonymous_5)
FNDA:0,(anonymous_6)
FNDA:12,(anonymous_7)
FNDA:0,(anonymous_8)
FNDA:0,(anonymous_9)
DA:13,1
DA:14,17
DA:15,17
DA:16,17
DA:17,17
DA:18,17
DA:20,17
DA:21,9
DA:31,54
DA:40,8
DA:41,2
DA:42,2
DA:50,0
DA:56,6
DA:57,0
DA:64,6
DA:65,17
DA:67,17
DA:68,17
DA:69,17
DA:71,17
DA:81,17
DA:124,42
DA:160,12
DA:163,0
DA:181,12
DA:184,0
DA:210,0
DA:211,0
LF:29
LH:23
BRDA:20,0,0,9
BRDA:20,0,1,8
BRDA:40,1,0,2
BRDA:40,1,1,6
BRDA:41,2,0,2
BRDA:41,2,1,0
BRDA:41,3,0,2
BRDA:41,3,1,2
BRDA:41,3,2,1
BRDA:52,4,0,0
BRDA:52,4,1,0
BRDA:56,5,0,0
BRDA:56,5,1,6
BRDA:64,6,0,6
BRDA:64,6,1,6
BRDA:64,6,2,0
BRDA:65,7,0,17
BRDA:65,7,1,6
BRDA:65,7,2,0
BRDA:69,8,0,17
BRDA:69,8,1,6
BRDA:111,9,0,1
BRDA:111,9,1,5
BRDA:128,10,0,42
BRDA:128,10,1,0
BRDA:143,11,0,17
BRDA:143,11,1,6
BRDA:150,12,0,17
BRDA:150,12,1,0
BRDA:150,12,2,6
BRDA:155,13,0,6
BRDA:155,13,1,6
BRDA:165,14,0,6
BRDA:165,14,1,6
BRDA:176,15,0,6
BRDA:176,15,1,6
BRDA:186,16,0,6
BRDA:186,16,1,6
BRDA:207,17,0,17
BRDA:207,17,1,6
BRDA:210,18,0,0
BRDA:210,18,1,0
BRDA:210,19,0,0
BRDA:210,19,1,0
BRDA:210,19,2,0
BRDA:227,20,0,0
BRDA:227,20,1,6
BRDA:229,21,0,17
BRDA:229,21,1,0
BRF:49
BRH:34
end_of_record
TN:
SF:src\pages\ProductListPage.tsx
FN:11,(anonymous_0)
FN:25,(anonymous_1)
FN:62,(anonymous_2)
FN:81,(anonymous_3)
FNF:4
FNH:3
FNDA:13,(anonymous_0)
FNDA:56,(anonymous_1)
FNDA:0,(anonymous_2)
FNDA:10,(anonymous_3)
DA:11,1
DA:12,13
DA:13,13
DA:15,13
DA:17,13
DA:18,7
DA:26,56
DA:41,6
DA:42,1
DA:49,5
DA:62,0
DA:82,10
LF:12
LH:11
BRDA:17,0,0,7
BRDA:17,0,1,6
BRDA:41,1,0,1
BRDA:41,1,1,5
BRDA:44,2,0,1
BRDA:44,2,1,0
BRDA:55,3,0,5
BRDA:55,3,1,0
BRDA:70,4,0,0
BRDA:70,4,1,5
BRDA:108,5,0,1
BRDA:108,5,1,9
BRF:12
BRH:9
end_of_record
TN:
SF:src\schemas\cart.ts
FNF:0
FNH:0
DA:3,3
DA:4,3
DA:6,3
DA:14,3
LF:4
LH:4
BRF:0
BRH:0
end_of_record
TN:
SF:src\schemas\product.ts
FN:4,(anonymous_0)
FN:8,(anonymous_1)
FN:13,(anonymous_2)
FN:15,(anonymous_3)
FN:22,(anonymous_4)
FN:24,(anonymous_5)
FNF:6
FNH:6
FNDA:130,(anonymous_0)
FNDA:38,(anonymous_1)
FNDA:480,(anonymous_2)
FNDA:4,(anonymous_3)
FNDA:100,(anonymous_4)
FNDA:131,(anonymous_5)
DA:3,7
DA:4,7
DA:5,130
DA:6,130
DA:8,7
DA:9,38
DA:10,38
DA:12,7
DA:13,7
DA:14,480
DA:15,4
DA:16,3
DA:19,477
DA:20,477
DA:22,7
DA:23,100
DA:24,131
DA:27,2
DA:28,2
DA:31,7
DA:39,7
DA:41,7
DA:46,7
LF:23
LH:23
BRDA:6,0,0,128
BRDA:6,0,1,2
BRDA:10,1,0,35
BRDA:10,1,1,3
BRDA:14,2,0,3
BRDA:14,2,1,477
BRDA:16,3,0,1
BRDA:16,3,1,2
BRDA:20,4,0,475
BRDA:20,4,1,2
BRDA:23,5,0,98
BRDA:23,5,1,2
BRDA:28,6,0,1
BRDA:28,6,1,1
BRF:14
BRH:14
end_of_record
